2020-10-31T12:49:06+00:00 ERROR Error getting remote inbox notification data feed
2020-10-31T12:49:06+00:00 ERROR WP_Error Object
(
    [errors] => Array
        (
            [http_request_failed] => Array
                (
                    [0] => cURL error 6: Could not resolve: woocommerce.com (Could not contact DNS servers)
                )

        )

    [error_data] => Array
        (
        )

)

2020-10-31T12:49:06+00:00 ERROR Error getting remote inbox notification data feed
2020-10-31T12:49:06+00:00 ERROR WP_Error Object
(
    [errors] => Array
        (
            [http_request_failed] => Array
                (
                    [0] => cURL error 6: Could not resolve: woocommerce.com (Could not contact DNS servers)
                )

        )

    [error_data] => Array
        (
        )

)

